[2020-02-05 15:34:36] prod.ERROR: SQLSTATE[HY000] [2002] A connection attempt failed because the connected party did not properly respond after a period of time, or established connection failed because connected host has failed to respond.
 {"exception":"[object] (Doctrine\\DBAL\\Driver\\PDOException(code: 2002): SQLSTATE[HY000] [2002] A connection attempt failed because the connected party did not properly respond after a period of time, or established connection failed because connected host has failed to respond.
 at G:\\Wamps\\wamp\\www\\github\\lelaam_ghar\\vendor\\doctrine\\dbal\\lib\\Doctrine\\DBAL\\Driver\\PDOConnection.php:50, PDOException(code: 2002): SQLSTATE[HY000] [2002] A connection attempt failed because the connected party did not properly respond after a period of time, or established connection failed because connected host has failed to respond.
 at G:\\Wamps\\wamp\\www\\github\\lelaam_ghar\\vendor\\doctrine\\dbal\\lib\\Doctrine\\DBAL\\Driver\\PDOConnection.php:46)
[stacktrace]
#0 G:\\Wamps\\wamp\\www\\github\\lelaam_ghar\\vendor\\laravel\\framework\\src\\Illuminate\\Database\\Connectors\\Connector.php(64): Doctrine\\DBAL\\Driver\\PDOConnection->__construct('mysql:host=128....', 'dcgfmzdxth', 'Y4ghrJ6Ar8', Array)
#1 G:\\Wamps\\wamp\\www\\github\\lelaam_ghar\\vendor\\laravel\\framework\\src\\Illuminate\\Database\\Connectors\\Connector.php(43): Illuminate\\Database\\Connectors\\Connector->createPdoConnection('mysql:host=128....', 'dcgfmzdxth', 'Y4ghrJ6Ar8', Array)
#2 G:\\Wamps\\wamp\\www\\github\\lelaam_ghar\\vendor\\laravel\\framework\\src\\Illuminate\\Database\\Connectors\\MySqlConnector.php(24): Illuminate\\Database\\Connectors\\Connector->createConnection('mysql:host=128....', Array, Array)
#3 G:\\Wamps\\wamp\\www\\github\\lelaam_ghar\\vendor\\laravel\\framework\\src\\Illuminate\\Database\\Connectors\\ConnectionFactory.php(183): Illuminate\\Database\\Connectors\\MySqlConnector->connect(Array)
#4 [internal function]: Illuminate\\Database\\Connectors\\ConnectionFactory->Illuminate\\Database\\Connectors\\{closure}()
#5 G:\\Wamps\\wamp\\www\\github\\lelaam_ghar\\vendor\\laravel\\framework\\src\\Illuminate\\Database\\Connection.php(915): call_user_func(Object(Closure))
#6 G:\\Wamps\\wamp\\www\\github\\lelaam_ghar\\vendor\\laravel\\framework\\src\\Illuminate\\Database\\Connection.php(940): Illuminate\\Database\\Connection->getPdo()
#7 G:\\Wamps\\wamp\\www\\github\\lelaam_ghar\\vendor\\laravel\\framework\\src\\Illuminate\\Database\\Connection.php(399): Illuminate\\Database\\Connection->getReadPdo()
#8 G:\\Wamps\\wamp\\www\\github\\lelaam_ghar\\vendor\\laravel\\framework\\src\\Illuminate\\Database\\Connection.php(325): Illuminate\\Database\\Connection->getPdoForSelect(true)
#9 G:\\Wamps\\wamp\\www\\github\\lelaam_ghar\\vendor\\laravel\\framework\\src\\Illuminate\\Database\\Connection.php(657): Illuminate\\Database\\Connection->Illuminate\\Database\\{closure}('select * from `...', Array)
#10 G:\\Wamps\\wamp\\www\\github\\lelaam_ghar\\vendor\\laravel\\framework\\src\\Illuminate\\Database\\Connection.php(624): Illuminate\\Database\\Connection->runQueryCallback('select * from `...', Array, Object(Closure))
#11 G:\\Wamps\\wamp\\www\\github\\lelaam_ghar\\vendor\\laravel\\framework\\src\\Illuminate\\Database\\Connection.php(333): Illuminate\\Database\\Connection->run('select * from `...', Array, Object(Closure))
#12 G:\\Wamps\\wamp\\www\\github\\lelaam_ghar\\vendor\\laravel\\framework\\src\\Illuminate\\Database\\Query\\Builder.php(1719): Illuminate\\Database\\Connection->select('select * from `...', Array, true)
#13 G:\\Wamps\\wamp\\www\\github\\lelaam_ghar\\vendor\\laravel\\framework\\src\\Illuminate\\Database\\Query\\Builder.php(1704): Illuminate\\Database\\Query\\Builder->runSelect()
#14 G:\\Wamps\\wamp\\www\\github\\lelaam_ghar\\vendor\\laravel\\framework\\src\\Illuminate\\Database\\Eloquent\\Builder.php(483): Illuminate\\Database\\Query\\Builder->get(Array)
#15 G:\\Wamps\\wamp\\www\\github\\lelaam_ghar\\vendor\\laravel\\framework\\src\\Illuminate\\Database\\Eloquent\\Builder.php(467): Illuminate\\Database\\Eloquent\\Builder->getModels(Array)
#16 G:\\Wamps\\wamp\\www\\github\\lelaam_ghar\\app\\Providers\\AuthServiceProvider.php(36): Illuminate\\Database\\Eloquent\\Builder->get()
#17 [internal function]: App\\Providers\\AuthServiceProvider->boot()
#18 G:\\Wamps\\wamp\\www\\github\\lelaam_ghar\\vendor\\laravel\\framework\\src\\Illuminate\\Container\\BoundMethod.php(29): call_user_func_array(Array, Array)
#19 G:\\Wamps\\wamp\\www\\github\\lelaam_ghar\\vendor\\laravel\\framework\\src\\Illuminate\\Container\\BoundMethod.php(87): Illuminate\\Container\\BoundMethod::Illuminate\\Container\\{closure}()
#20 G:\\Wamps\\wamp\\www\\github\\lelaam_ghar\\vendor\\laravel\\framework\\src\\Illuminate\\Container\\BoundMethod.php(31): Illuminate\\Container\\BoundMethod::callBoundMethod(Object(Illuminate\\Foundation\\Application), Array, Object(Closure))
#21 G:\\Wamps\\wamp\\www\\github\\lelaam_ghar\\vendor\\laravel\\framework\\src\\Illuminate\\Container\\Container.php(549): Illuminate\\Container\\BoundMethod::call(Object(Illuminate\\Foundation\\Application), Array, Array, NULL)
#22 G:\\Wamps\\wamp\\www\\github\\lelaam_ghar\\vendor\\laravel\\framework\\src\\Illuminate\\Foundation\\Application.php(792): Illuminate\\Container\\Container->call(Array)
#23 G:\\Wamps\\wamp\\www\\github\\lelaam_ghar\\vendor\\laravel\\framework\\src\\Illuminate\\Foundation\\Application.php(775): Illuminate\\Foundation\\Application->bootProvider(Object(App\\Providers\\AuthServiceProvider))
#24 [internal function]: Illuminate\\Foundation\\Application->Illuminate\\Foundation\\{closure}(Object(App\\Providers\\AuthServiceProvider), 23)
#25 G:\\Wamps\\wamp\\www\\github\\lelaam_ghar\\vendor\\laravel\\framework\\src\\Illuminate\\Foundation\\Application.php(776): array_walk(Array, Object(Closure))
#26 G:\\Wamps\\wamp\\www\\github\\lelaam_ghar\\vendor\\laravel\\framework\\src\\Illuminate\\Foundation\\Bootstrap\\BootProviders.php(17): Illuminate\\Foundation\\Application->boot()
#27 G:\\Wamps\\wamp\\www\\github\\lelaam_ghar\\vendor\\laravel\\framework\\src\\Illuminate\\Foundation\\Application.php(213): Illuminate\\Foundation\\Bootstrap\\BootProviders->bootstrap(Object(Illuminate\\Foundation\\Application))
#28 G:\\Wamps\\wamp\\www\\github\\lelaam_ghar\\vendor\\laravel\\framework\\src\\Illuminate\\Foundation\\Http\\Kernel.php(162): Illuminate\\Foundation\\Application->bootstrapWith(Array)
#29 G:\\Wamps\\wamp\\www\\github\\lelaam_ghar\\vendor\\laravel\\framework\\src\\Illuminate\\Foundation\\Http\\Kernel.php(146): Illuminate\\Foundation\\Http\\Kernel->bootstrap()
#30 G:\\Wamps\\wamp\\www\\github\\lelaam_ghar\\vendor\\laravel\\framework\\src\\Illuminate\\Foundation\\Http\\Kernel.php(116): Illuminate\\Foundation\\Http\\Kernel->sendRequestThroughRouter(Object(Illuminate\\Http\\Request))
#31 G:\\Wamps\\wamp\\www\\github\\lelaam_ghar\\index.php(53): Illuminate\\Foundation\\Http\\Kernel->handle(Object(Illuminate\\Http\\Request))
#32 {main}
"} 
[2020-02-05 15:34:36] prod.ERROR: SQLSTATE[HY000] [2002] A connection attempt failed because the connected party did not properly respond after a period of time, or established connection failed because connected host has failed to respond.
 (SQL: select * from `roles`) {"exception":"[object] (Illuminate\\Database\\QueryException(code: 2002): SQLSTATE[HY000] [2002] A connection attempt failed because the connected party did not properly respond after a period of time, or established connection failed because connected host has failed to respond.
 (SQL: select * from `roles`) at G:\\Wamps\\wamp\\www\\github\\lelaam_ghar\\vendor\\laravel\\framework\\src\\Illuminate\\Database\\Connection.php:664, Doctrine\\DBAL\\Driver\\PDOException(code: 2002): SQLSTATE[HY000] [2002] A connection attempt failed because the connected party did not properly respond after a period of time, or established connection failed because connected host has failed to respond.
 at G:\\Wamps\\wamp\\www\\github\\lelaam_ghar\\vendor\\doctrine\\dbal\\lib\\Doctrine\\DBAL\\Driver\\PDOConnection.php:50, PDOException(code: 2002): SQLSTATE[HY000] [2002] A connection attempt failed because the connected party did not properly respond after a period of time, or established connection failed because connected host has failed to respond.
 at G:\\Wamps\\wamp\\www\\github\\lelaam_ghar\\vendor\\doctrine\\dbal\\lib\\Doctrine\\DBAL\\Driver\\PDOConnection.php:46)
[stacktrace]
#0 G:\\Wamps\\wamp\\www\\github\\lelaam_ghar\\vendor\\laravel\\framework\\src\\Illuminate\\Database\\Connection.php(624): Illuminate\\Database\\Connection->runQueryCallback('select * from `...', Array, Object(Closure))
#1 G:\\Wamps\\wamp\\www\\github\\lelaam_ghar\\vendor\\laravel\\framework\\src\\Illuminate\\Database\\Connection.php(333): Illuminate\\Database\\Connection->run('select * from `...', Array, Object(Closure))
#2 G:\\Wamps\\wamp\\www\\github\\lelaam_ghar\\vendor\\laravel\\framework\\src\\Illuminate\\Database\\Query\\Builder.php(1719): Illuminate\\Database\\Connection->select('select * from `...', Array, true)
#3 G:\\Wamps\\wamp\\www\\github\\lelaam_ghar\\vendor\\laravel\\framework\\src\\Illuminate\\Database\\Query\\Builder.php(1704): Illuminate\\Database\\Query\\Builder->runSelect()
#4 G:\\Wamps\\wamp\\www\\github\\lelaam_ghar\\vendor\\laravel\\framework\\src\\Illuminate\\Database\\Eloquent\\Builder.php(483): Illuminate\\Database\\Query\\Builder->get(Array)
#5 G:\\Wamps\\wamp\\www\\github\\lelaam_ghar\\vendor\\laravel\\framework\\src\\Illuminate\\Database\\Eloquent\\Builder.php(467): Illuminate\\Database\\Eloquent\\Builder->getModels(Array)
#6 G:\\Wamps\\wamp\\www\\github\\lelaam_ghar\\app\\Providers\\AuthServiceProvider.php(36): Illuminate\\Database\\Eloquent\\Builder->get()
#7 [internal function]: App\\Providers\\AuthServiceProvider->boot()
#8 G:\\Wamps\\wamp\\www\\github\\lelaam_ghar\\vendor\\laravel\\framework\\src\\Illuminate\\Container\\BoundMethod.php(29): call_user_func_array(Array, Array)
#9 G:\\Wamps\\wamp\\www\\github\\lelaam_ghar\\vendor\\laravel\\framework\\src\\Illuminate\\Container\\BoundMethod.php(87): Illuminate\\Container\\BoundMethod::Illuminate\\Container\\{closure}()
#10 G:\\Wamps\\wamp\\www\\github\\lelaam_ghar\\vendor\\laravel\\framework\\src\\Illuminate\\Container\\BoundMethod.php(31): Illuminate\\Container\\BoundMethod::callBoundMethod(Object(Illuminate\\Foundation\\Application), Array, Object(Closure))
#11 G:\\Wamps\\wamp\\www\\github\\lelaam_ghar\\vendor\\laravel\\framework\\src\\Illuminate\\Container\\Container.php(549): Illuminate\\Container\\BoundMethod::call(Object(Illuminate\\Foundation\\Application), Array, Array, NULL)
#12 G:\\Wamps\\wamp\\www\\github\\lelaam_ghar\\vendor\\laravel\\framework\\src\\Illuminate\\Foundation\\Application.php(792): Illuminate\\Container\\Container->call(Array)
#13 G:\\Wamps\\wamp\\www\\github\\lelaam_ghar\\vendor\\laravel\\framework\\src\\Illuminate\\Foundation\\Application.php(775): Illuminate\\Foundation\\Application->bootProvider(Object(App\\Providers\\AuthServiceProvider))
#14 [internal function]: Illuminate\\Foundation\\Application->Illuminate\\Foundation\\{closure}(Object(App\\Providers\\AuthServiceProvider), 23)
#15 G:\\Wamps\\wamp\\www\\github\\lelaam_ghar\\vendor\\laravel\\framework\\src\\Illuminate\\Foundation\\Application.php(776): array_walk(Array, Object(Closure))
#16 G:\\Wamps\\wamp\\www\\github\\lelaam_ghar\\vendor\\laravel\\framework\\src\\Illuminate\\Foundation\\Bootstrap\\BootProviders.php(17): Illuminate\\Foundation\\Application->boot()
#17 G:\\Wamps\\wamp\\www\\github\\lelaam_ghar\\vendor\\laravel\\framework\\src\\Illuminate\\Foundation\\Application.php(213): Illuminate\\Foundation\\Bootstrap\\BootProviders->bootstrap(Object(Illuminate\\Foundation\\Application))
#18 G:\\Wamps\\wamp\\www\\github\\lelaam_ghar\\vendor\\laravel\\framework\\src\\Illuminate\\Foundation\\Http\\Kernel.php(162): Illuminate\\Foundation\\Application->bootstrapWith(Array)
#19 G:\\Wamps\\wamp\\www\\github\\lelaam_ghar\\vendor\\laravel\\framework\\src\\Illuminate\\Foundation\\Http\\Kernel.php(146): Illuminate\\Foundation\\Http\\Kernel->bootstrap()
#20 G:\\Wamps\\wamp\\www\\github\\lelaam_ghar\\vendor\\laravel\\framework\\src\\Illuminate\\Foundation\\Http\\Kernel.php(116): Illuminate\\Foundation\\Http\\Kernel->sendRequestThroughRouter(Object(Illuminate\\Http\\Request))
#21 G:\\Wamps\\wamp\\www\\github\\lelaam_ghar\\index.php(53): Illuminate\\Foundation\\Http\\Kernel->handle(Object(Illuminate\\Http\\Request))
#22 {main}
"} 
[2020-02-05 15:36:39] prod.ERROR: SQLSTATE[42S02]: Base table or view not found: 1146 Table 'lelaam_ghar.settings' doesn't exist (SQL: select * from `settings` where `key` = site_settings limit 1) {"exception":"[object] (Illuminate\\Database\\QueryException(code: 42S02): SQLSTATE[42S02]: Base table or view not found: 1146 Table 'lelaam_ghar.settings' doesn't exist (SQL: select * from `settings` where `key` = site_settings limit 1) at G:\\Wamps\\wamp\\www\\github\\lelaam_ghar\\vendor\\laravel\\framework\\src\\Illuminate\\Database\\Connection.php:664, Doctrine\\DBAL\\Driver\\PDOException(code: 42S02): SQLSTATE[42S02]: Base table or view not found: 1146 Table 'lelaam_ghar.settings' doesn't exist at G:\\Wamps\\wamp\\www\\github\\lelaam_ghar\\vendor\\doctrine\\dbal\\lib\\Doctrine\\DBAL\\Driver\\PDOConnection.php:82, PDOException(code: 42S02): SQLSTATE[42S02]: Base table or view not found: 1146 Table 'lelaam_ghar.settings' doesn't exist at G:\\Wamps\\wamp\\www\\github\\lelaam_ghar\\vendor\\doctrine\\dbal\\lib\\Doctrine\\DBAL\\Driver\\PDOConnection.php:80)
[stacktrace]
#0 G:\\Wamps\\wamp\\www\\github\\lelaam_ghar\\vendor\\laravel\\framework\\src\\Illuminate\\Database\\Connection.php(624): Illuminate\\Database\\Connection->runQueryCallback('select * from `...', Array, Object(Closure))
#1 G:\\Wamps\\wamp\\www\\github\\lelaam_ghar\\vendor\\laravel\\framework\\src\\Illuminate\\Database\\Connection.php(333): Illuminate\\Database\\Connection->run('select * from `...', Array, Object(Closure))
#2 G:\\Wamps\\wamp\\www\\github\\lelaam_ghar\\vendor\\laravel\\framework\\src\\Illuminate\\Database\\Query\\Builder.php(1719): Illuminate\\Database\\Connection->select('select * from `...', Array, true)
#3 G:\\Wamps\\wamp\\www\\github\\lelaam_ghar\\vendor\\laravel\\framework\\src\\Illuminate\\Database\\Query\\Builder.php(1704): Illuminate\\Database\\Query\\Builder->runSelect()
#4 G:\\Wamps\\wamp\\www\\github\\lelaam_ghar\\vendor\\laravel\\framework\\src\\Illuminate\\Database\\Eloquent\\Builder.php(483): Illuminate\\Database\\Query\\Builder->get(Array)
#5 G:\\Wamps\\wamp\\www\\github\\lelaam_ghar\\vendor\\laravel\\framework\\src\\Illuminate\\Database\\Eloquent\\Builder.php(467): Illuminate\\Database\\Eloquent\\Builder->getModels(Array)
#6 G:\\Wamps\\wamp\\www\\github\\lelaam_ghar\\vendor\\laravel\\framework\\src\\Illuminate\\Database\\Concerns\\BuildsQueries.php(77): Illuminate\\Database\\Eloquent\\Builder->get(Array)
#7 G:\\Wamps\\wamp\\www\\github\\lelaam_ghar\\app\\Settings.php(87): Illuminate\\Database\\Eloquent\\Builder->first()
#8 G:\\Wamps\\wamp\\www\\github\\lelaam_ghar\\app\\Settings.php(45): App\\Settings::loadSettingsModule('site_settings')
#9 G:\\Wamps\\wamp\\www\\github\\lelaam_ghar\\app\\Settings.php(29): App\\Settings::isSettingAvailable('system_timezone', 'site_settings')
#10 G:\\Wamps\\wamp\\www\\github\\lelaam_ghar\\app\\helpers.php(62): App\\Settings::getSetting('system_timezone', 'site_settings')
#11 G:\\Wamps\\wamp\\www\\github\\lelaam_ghar\\app\\Console\\Kernel.php(30): getSetting('system_timezone', 'site_settings')
#12 G:\\Wamps\\wamp\\www\\github\\lelaam_ghar\\vendor\\laravel\\framework\\src\\Illuminate\\Foundation\\Console\\Kernel.php(106): App\\Console\\Kernel->schedule(Object(Illuminate\\Console\\Scheduling\\Schedule))
#13 G:\\Wamps\\wamp\\www\\github\\lelaam_ghar\\vendor\\laravel\\framework\\src\\Illuminate\\Foundation\\Console\\Kernel.php(89): Illuminate\\Foundation\\Console\\Kernel->defineConsoleSchedule()
#14 [internal function]: Illuminate\\Foundation\\Console\\Kernel->Illuminate\\Foundation\\Console\\{closure}(Object(Illuminate\\Foundation\\Application))
#15 G:\\Wamps\\wamp\\www\\github\\lelaam_ghar\\vendor\\laravel\\framework\\src\\Illuminate\\Foundation\\Application.php(831): call_user_func(Object(Closure), Object(Illuminate\\Foundation\\Application))
#16 G:\\Wamps\\wamp\\www\\github\\lelaam_ghar\\vendor\\laravel\\framework\\src\\Illuminate\\Foundation\\Application.php(780): Illuminate\\Foundation\\Application->fireAppCallbacks(Array)
#17 G:\\Wamps\\wamp\\www\\github\\lelaam_ghar\\vendor\\laravel\\framework\\src\\Illuminate\\Foundation\\Bootstrap\\BootProviders.php(17): Illuminate\\Foundation\\Application->boot()
#18 G:\\Wamps\\wamp\\www\\github\\lelaam_ghar\\vendor\\laravel\\framework\\src\\Illuminate\\Foundation\\Application.php(213): Illuminate\\Foundation\\Bootstrap\\BootProviders->bootstrap(Object(Illuminate\\Foundation\\Application))
#19 G:\\Wamps\\wamp\\www\\github\\lelaam_ghar\\vendor\\laravel\\framework\\src\\Illuminate\\Foundation\\Console\\Kernel.php(296): Illuminate\\Foundation\\Application->bootstrapWith(Array)
#20 G:\\Wamps\\wamp\\www\\github\\lelaam_ghar\\vendor\\laravel\\framework\\src\\Illuminate\\Foundation\\Console\\Kernel.php(119): Illuminate\\Foundation\\Console\\Kernel->bootstrap()
#21 G:\\Wamps\\wamp\\www\\github\\lelaam_ghar\\artisan(37): Illuminate\\Foundation\\Console\\Kernel->handle(Object(Symfony\\Component\\Console\\Input\\ArgvInput), Object(Symfony\\Component\\Console\\Output\\ConsoleOutput))
#22 {main}
"} 
[2020-02-05 15:37:15] prod.ERROR: SQLSTATE[42S02]: Base table or view not found: 1146 Table 'lelaam_ghar.roles' doesn't exist (SQL: select * from `roles`) {"exception":"[object] (Illuminate\\Database\\QueryException(code: 42S02): SQLSTATE[42S02]: Base table or view not found: 1146 Table 'lelaam_ghar.roles' doesn't exist (SQL: select * from `roles`) at G:\\Wamps\\wamp\\www\\github\\lelaam_ghar\\vendor\\laravel\\framework\\src\\Illuminate\\Database\\Connection.php:664, Doctrine\\DBAL\\Driver\\PDOException(code: 42S02): SQLSTATE[42S02]: Base table or view not found: 1146 Table 'lelaam_ghar.roles' doesn't exist at G:\\Wamps\\wamp\\www\\github\\lelaam_ghar\\vendor\\doctrine\\dbal\\lib\\Doctrine\\DBAL\\Driver\\PDOConnection.php:82, PDOException(code: 42S02): SQLSTATE[42S02]: Base table or view not found: 1146 Table 'lelaam_ghar.roles' doesn't exist at G:\\Wamps\\wamp\\www\\github\\lelaam_ghar\\vendor\\doctrine\\dbal\\lib\\Doctrine\\DBAL\\Driver\\PDOConnection.php:80)
[stacktrace]
#0 G:\\Wamps\\wamp\\www\\github\\lelaam_ghar\\vendor\\laravel\\framework\\src\\Illuminate\\Database\\Connection.php(624): Illuminate\\Database\\Connection->runQueryCallback('select * from `...', Array, Object(Closure))
#1 G:\\Wamps\\wamp\\www\\github\\lelaam_ghar\\vendor\\laravel\\framework\\src\\Illuminate\\Database\\Connection.php(333): Illuminate\\Database\\Connection->run('select * from `...', Array, Object(Closure))
#2 G:\\Wamps\\wamp\\www\\github\\lelaam_ghar\\vendor\\laravel\\framework\\src\\Illuminate\\Database\\Query\\Builder.php(1719): Illuminate\\Database\\Connection->select('select * from `...', Array, true)
#3 G:\\Wamps\\wamp\\www\\github\\lelaam_ghar\\vendor\\laravel\\framework\\src\\Illuminate\\Database\\Query\\Builder.php(1704): Illuminate\\Database\\Query\\Builder->runSelect()
#4 G:\\Wamps\\wamp\\www\\github\\lelaam_ghar\\vendor\\laravel\\framework\\src\\Illuminate\\Database\\Eloquent\\Builder.php(483): Illuminate\\Database\\Query\\Builder->get(Array)
#5 G:\\Wamps\\wamp\\www\\github\\lelaam_ghar\\vendor\\laravel\\framework\\src\\Illuminate\\Database\\Eloquent\\Builder.php(467): Illuminate\\Database\\Eloquent\\Builder->getModels(Array)
#6 G:\\Wamps\\wamp\\www\\github\\lelaam_ghar\\app\\Providers\\AuthServiceProvider.php(36): Illuminate\\Database\\Eloquent\\Builder->get()
#7 [internal function]: App\\Providers\\AuthServiceProvider->boot()
#8 G:\\Wamps\\wamp\\www\\github\\lelaam_ghar\\vendor\\laravel\\framework\\src\\Illuminate\\Container\\BoundMethod.php(29): call_user_func_array(Array, Array)
#9 G:\\Wamps\\wamp\\www\\github\\lelaam_ghar\\vendor\\laravel\\framework\\src\\Illuminate\\Container\\BoundMethod.php(87): Illuminate\\Container\\BoundMethod::Illuminate\\Container\\{closure}()
#10 G:\\Wamps\\wamp\\www\\github\\lelaam_ghar\\vendor\\laravel\\framework\\src\\Illuminate\\Container\\BoundMethod.php(31): Illuminate\\Container\\BoundMethod::callBoundMethod(Object(Illuminate\\Foundation\\Application), Array, Object(Closure))
#11 G:\\Wamps\\wamp\\www\\github\\lelaam_ghar\\vendor\\laravel\\framework\\src\\Illuminate\\Container\\Container.php(549): Illuminate\\Container\\BoundMethod::call(Object(Illuminate\\Foundation\\Application), Array, Array, NULL)
#12 G:\\Wamps\\wamp\\www\\github\\lelaam_ghar\\vendor\\laravel\\framework\\src\\Illuminate\\Foundation\\Application.php(792): Illuminate\\Container\\Container->call(Array)
#13 G:\\Wamps\\wamp\\www\\github\\lelaam_ghar\\vendor\\laravel\\framework\\src\\Illuminate\\Foundation\\Application.php(775): Illuminate\\Foundation\\Application->bootProvider(Object(App\\Providers\\AuthServiceProvider))
#14 [internal function]: Illuminate\\Foundation\\Application->Illuminate\\Foundation\\{closure}(Object(App\\Providers\\AuthServiceProvider), 23)
#15 G:\\Wamps\\wamp\\www\\github\\lelaam_ghar\\vendor\\laravel\\framework\\src\\Illuminate\\Foundation\\Application.php(776): array_walk(Array, Object(Closure))
#16 G:\\Wamps\\wamp\\www\\github\\lelaam_ghar\\vendor\\laravel\\framework\\src\\Illuminate\\Foundation\\Bootstrap\\BootProviders.php(17): Illuminate\\Foundation\\Application->boot()
#17 G:\\Wamps\\wamp\\www\\github\\lelaam_ghar\\vendor\\laravel\\framework\\src\\Illuminate\\Foundation\\Application.php(213): Illuminate\\Foundation\\Bootstrap\\BootProviders->bootstrap(Object(Illuminate\\Foundation\\Application))
#18 G:\\Wamps\\wamp\\www\\github\\lelaam_ghar\\vendor\\laravel\\framework\\src\\Illuminate\\Foundation\\Http\\Kernel.php(162): Illuminate\\Foundation\\Application->bootstrapWith(Array)
#19 G:\\Wamps\\wamp\\www\\github\\lelaam_ghar\\vendor\\laravel\\framework\\src\\Illuminate\\Foundation\\Http\\Kernel.php(146): Illuminate\\Foundation\\Http\\Kernel->bootstrap()
#20 G:\\Wamps\\wamp\\www\\github\\lelaam_ghar\\vendor\\laravel\\framework\\src\\Illuminate\\Foundation\\Http\\Kernel.php(116): Illuminate\\Foundation\\Http\\Kernel->sendRequestThroughRouter(Object(Illuminate\\Http\\Request))
#21 G:\\Wamps\\wamp\\www\\github\\lelaam_ghar\\index.php(53): Illuminate\\Foundation\\Http\\Kernel->handle(Object(Illuminate\\Http\\Request))
#22 {main}
"} 
[2020-02-05 15:38:46] prod.ERROR: SQLSTATE[42S02]: Base table or view not found: 1146 Table 'lelaam_ghar.permissions' doesn't exist (SQL: select `permissions`.*, `permission_role`.`role_id` as `pivot_role_id`, `permission_role`.`permission_id` as `pivot_permission_id` from `permissions` inner join `permission_role` on `permissions`.`id` = `permission_role`.`permission_id` where `permission_role`.`role_id` in (1, 2, 3)) {"exception":"[object] (Illuminate\\Database\\QueryException(code: 42S02): SQLSTATE[42S02]: Base table or view not found: 1146 Table 'lelaam_ghar.permissions' doesn't exist (SQL: select `permissions`.*, `permission_role`.`role_id` as `pivot_role_id`, `permission_role`.`permission_id` as `pivot_permission_id` from `permissions` inner join `permission_role` on `permissions`.`id` = `permission_role`.`permission_id` where `permission_role`.`role_id` in (1, 2, 3)) at G:\\Wamps\\wamp\\www\\github\\lelaam_ghar\\vendor\\laravel\\framework\\src\\Illuminate\\Database\\Connection.php:664, Doctrine\\DBAL\\Driver\\PDOException(code: 42S02): SQLSTATE[42S02]: Base table or view not found: 1146 Table 'lelaam_ghar.permissions' doesn't exist at G:\\Wamps\\wamp\\www\\github\\lelaam_ghar\\vendor\\doctrine\\dbal\\lib\\Doctrine\\DBAL\\Driver\\PDOConnection.php:82, PDOException(code: 42S02): SQLSTATE[42S02]: Base table or view not found: 1146 Table 'lelaam_ghar.permissions' doesn't exist at G:\\Wamps\\wamp\\www\\github\\lelaam_ghar\\vendor\\doctrine\\dbal\\lib\\Doctrine\\DBAL\\Driver\\PDOConnection.php:80)
[stacktrace]
#0 G:\\Wamps\\wamp\\www\\github\\lelaam_ghar\\vendor\\laravel\\framework\\src\\Illuminate\\Database\\Connection.php(624): Illuminate\\Database\\Connection->runQueryCallback('select `permiss...', Array, Object(Closure))
#1 G:\\Wamps\\wamp\\www\\github\\lelaam_ghar\\vendor\\laravel\\framework\\src\\Illuminate\\Database\\Connection.php(333): Illuminate\\Database\\Connection->run('select `permiss...', Array, Object(Closure))
#2 G:\\Wamps\\wamp\\www\\github\\lelaam_ghar\\vendor\\laravel\\framework\\src\\Illuminate\\Database\\Query\\Builder.php(1719): Illuminate\\Database\\Connection->select('select `permiss...', Array, true)
#3 G:\\Wamps\\wamp\\www\\github\\lelaam_ghar\\vendor\\laravel\\framework\\src\\Illuminate\\Database\\Query\\Builder.php(1704): Illuminate\\Database\\Query\\Builder->runSelect()
#4 G:\\Wamps\\wamp\\www\\github\\lelaam_ghar\\vendor\\laravel\\framework\\src\\Illuminate\\Database\\Eloquent\\Builder.php(483): Illuminate\\Database\\Query\\Builder->get(Array)
#5 G:\\Wamps\\wamp\\www\\github\\lelaam_ghar\\vendor\\laravel\\framework\\src\\Illuminate\\Database\\Eloquent\\Relations\\BelongsToMany.php(531): Illuminate\\Database\\Eloquent\\Builder->getModels()
#6 G:\\Wamps\\wamp\\www\\github\\lelaam_ghar\\vendor\\laravel\\framework\\src\\Illuminate\\Database\\Eloquent\\Relations\\Relation.php(143): Illuminate\\Database\\Eloquent\\Relations\\BelongsToMany->get()
#7 G:\\Wamps\\wamp\\www\\github\\lelaam_ghar\\vendor\\laravel\\framework\\src\\Illuminate\\Database\\Eloquent\\Builder.php(531): Illuminate\\Database\\Eloquent\\Relations\\Relation->getEager()
#8 G:\\Wamps\\wamp\\www\\github\\lelaam_ghar\\vendor\\laravel\\framework\\src\\Illuminate\\Database\\Eloquent\\Builder.php(500): Illuminate\\Database\\Eloquent\\Builder->eagerLoadRelation(Array, 'permission', Object(Closure))
#9 G:\\Wamps\\wamp\\www\\github\\lelaam_ghar\\vendor\\laravel\\framework\\src\\Illuminate\\Database\\Eloquent\\Builder.php(468): Illuminate\\Database\\Eloquent\\Builder->eagerLoadRelations(Array)
#10 G:\\Wamps\\wamp\\www\\github\\lelaam_ghar\\app\\Providers\\AuthServiceProvider.php(36): Illuminate\\Database\\Eloquent\\Builder->get()
#11 [internal function]: App\\Providers\\AuthServiceProvider->boot()
#12 G:\\Wamps\\wamp\\www\\github\\lelaam_ghar\\vendor\\laravel\\framework\\src\\Illuminate\\Container\\BoundMethod.php(29): call_user_func_array(Array, Array)
#13 G:\\Wamps\\wamp\\www\\github\\lelaam_ghar\\vendor\\laravel\\framework\\src\\Illuminate\\Container\\BoundMethod.php(87): Illuminate\\Container\\BoundMethod::Illuminate\\Container\\{closure}()
#14 G:\\Wamps\\wamp\\www\\github\\lelaam_ghar\\vendor\\laravel\\framework\\src\\Illuminate\\Container\\BoundMethod.php(31): Illuminate\\Container\\BoundMethod::callBoundMethod(Object(Illuminate\\Foundation\\Application), Array, Object(Closure))
#15 G:\\Wamps\\wamp\\www\\github\\lelaam_ghar\\vendor\\laravel\\framework\\src\\Illuminate\\Container\\Container.php(549): Illuminate\\Container\\BoundMethod::call(Object(Illuminate\\Foundation\\Application), Array, Array, NULL)
#16 G:\\Wamps\\wamp\\www\\github\\lelaam_ghar\\vendor\\laravel\\framework\\src\\Illuminate\\Foundation\\Application.php(792): Illuminate\\Container\\Container->call(Array)
#17 G:\\Wamps\\wamp\\www\\github\\lelaam_ghar\\vendor\\laravel\\framework\\src\\Illuminate\\Foundation\\Application.php(775): Illuminate\\Foundation\\Application->bootProvider(Object(App\\Providers\\AuthServiceProvider))
#18 [internal function]: Illuminate\\Foundation\\Application->Illuminate\\Foundation\\{closure}(Object(App\\Providers\\AuthServiceProvider), 23)
#19 G:\\Wamps\\wamp\\www\\github\\lelaam_ghar\\vendor\\laravel\\framework\\src\\Illuminate\\Foundation\\Application.php(776): array_walk(Array, Object(Closure))
#20 G:\\Wamps\\wamp\\www\\github\\lelaam_ghar\\vendor\\laravel\\framework\\src\\Illuminate\\Foundation\\Bootstrap\\BootProviders.php(17): Illuminate\\Foundation\\Application->boot()
#21 G:\\Wamps\\wamp\\www\\github\\lelaam_ghar\\vendor\\laravel\\framework\\src\\Illuminate\\Foundation\\Application.php(213): Illuminate\\Foundation\\Bootstrap\\BootProviders->bootstrap(Object(Illuminate\\Foundation\\Application))
#22 G:\\Wamps\\wamp\\www\\github\\lelaam_ghar\\vendor\\laravel\\framework\\src\\Illuminate\\Foundation\\Http\\Kernel.php(162): Illuminate\\Foundation\\Application->bootstrapWith(Array)
#23 G:\\Wamps\\wamp\\www\\github\\lelaam_ghar\\vendor\\laravel\\framework\\src\\Illuminate\\Foundation\\Http\\Kernel.php(146): Illuminate\\Foundation\\Http\\Kernel->bootstrap()
#24 G:\\Wamps\\wamp\\www\\github\\lelaam_ghar\\vendor\\laravel\\framework\\src\\Illuminate\\Foundation\\Http\\Kernel.php(116): Illuminate\\Foundation\\Http\\Kernel->sendRequestThroughRouter(Object(Illuminate\\Http\\Request))
#25 G:\\Wamps\\wamp\\www\\github\\lelaam_ghar\\index.php(53): Illuminate\\Foundation\\Http\\Kernel->handle(Object(Illuminate\\Http\\Request))
#26 {main}
"} 
[2020-02-05 15:39:16] prod.ERROR: SQLSTATE[42S02]: Base table or view not found: 1146 Table 'lelaam_ghar.permissions' doesn't exist (SQL: select `permissions`.*, `permission_role`.`role_id` as `pivot_role_id`, `permission_role`.`permission_id` as `pivot_permission_id` from `permissions` inner join `permission_role` on `permissions`.`id` = `permission_role`.`permission_id` where `permission_role`.`role_id` in (1, 2, 3)) {"exception":"[object] (Illuminate\\Database\\QueryException(code: 42S02): SQLSTATE[42S02]: Base table or view not found: 1146 Table 'lelaam_ghar.permissions' doesn't exist (SQL: select `permissions`.*, `permission_role`.`role_id` as `pivot_role_id`, `permission_role`.`permission_id` as `pivot_permission_id` from `permissions` inner join `permission_role` on `permissions`.`id` = `permission_role`.`permission_id` where `permission_role`.`role_id` in (1, 2, 3)) at G:\\Wamps\\wamp\\www\\github\\lelaam_ghar\\vendor\\laravel\\framework\\src\\Illuminate\\Database\\Connection.php:664, Doctrine\\DBAL\\Driver\\PDOException(code: 42S02): SQLSTATE[42S02]: Base table or view not found: 1146 Table 'lelaam_ghar.permissions' doesn't exist at G:\\Wamps\\wamp\\www\\github\\lelaam_ghar\\vendor\\doctrine\\dbal\\lib\\Doctrine\\DBAL\\Driver\\PDOConnection.php:82, PDOException(code: 42S02): SQLSTATE[42S02]: Base table or view not found: 1146 Table 'lelaam_ghar.permissions' doesn't exist at G:\\Wamps\\wamp\\www\\github\\lelaam_ghar\\vendor\\doctrine\\dbal\\lib\\Doctrine\\DBAL\\Driver\\PDOConnection.php:80)
[stacktrace]
#0 G:\\Wamps\\wamp\\www\\github\\lelaam_ghar\\vendor\\laravel\\framework\\src\\Illuminate\\Database\\Connection.php(624): Illuminate\\Database\\Connection->runQueryCallback('select `permiss...', Array, Object(Closure))
#1 G:\\Wamps\\wamp\\www\\github\\lelaam_ghar\\vendor\\laravel\\framework\\src\\Illuminate\\Database\\Connection.php(333): Illuminate\\Database\\Connection->run('select `permiss...', Array, Object(Closure))
#2 G:\\Wamps\\wamp\\www\\github\\lelaam_ghar\\vendor\\laravel\\framework\\src\\Illuminate\\Database\\Query\\Builder.php(1719): Illuminate\\Database\\Connection->select('select `permiss...', Array, true)
#3 G:\\Wamps\\wamp\\www\\github\\lelaam_ghar\\vendor\\laravel\\framework\\src\\Illuminate\\Database\\Query\\Builder.php(1704): Illuminate\\Database\\Query\\Builder->runSelect()
#4 G:\\Wamps\\wamp\\www\\github\\lelaam_ghar\\vendor\\laravel\\framework\\src\\Illuminate\\Database\\Eloquent\\Builder.php(483): Illuminate\\Database\\Query\\Builder->get(Array)
#5 G:\\Wamps\\wamp\\www\\github\\lelaam_ghar\\vendor\\laravel\\framework\\src\\Illuminate\\Database\\Eloquent\\Relations\\BelongsToMany.php(531): Illuminate\\Database\\Eloquent\\Builder->getModels()
#6 G:\\Wamps\\wamp\\www\\github\\lelaam_ghar\\vendor\\laravel\\framework\\src\\Illuminate\\Database\\Eloquent\\Relations\\Relation.php(143): Illuminate\\Database\\Eloquent\\Relations\\BelongsToMany->get()
#7 G:\\Wamps\\wamp\\www\\github\\lelaam_ghar\\vendor\\laravel\\framework\\src\\Illuminate\\Database\\Eloquent\\Builder.php(531): Illuminate\\Database\\Eloquent\\Relations\\Relation->getEager()
#8 G:\\Wamps\\wamp\\www\\github\\lelaam_ghar\\vendor\\laravel\\framework\\src\\Illuminate\\Database\\Eloquent\\Builder.php(500): Illuminate\\Database\\Eloquent\\Builder->eagerLoadRelation(Array, 'permission', Object(Closure))
#9 G:\\Wamps\\wamp\\www\\github\\lelaam_ghar\\vendor\\laravel\\framework\\src\\Illuminate\\Database\\Eloquent\\Builder.php(468): Illuminate\\Database\\Eloquent\\Builder->eagerLoadRelations(Array)
#10 G:\\Wamps\\wamp\\www\\github\\lelaam_ghar\\app\\Providers\\AuthServiceProvider.php(36): Illuminate\\Database\\Eloquent\\Builder->get()
#11 [internal function]: App\\Providers\\AuthServiceProvider->boot()
#12 G:\\Wamps\\wamp\\www\\github\\lelaam_ghar\\vendor\\laravel\\framework\\src\\Illuminate\\Container\\BoundMethod.php(29): call_user_func_array(Array, Array)
#13 G:\\Wamps\\wamp\\www\\github\\lelaam_ghar\\vendor\\laravel\\framework\\src\\Illuminate\\Container\\BoundMethod.php(87): Illuminate\\Container\\BoundMethod::Illuminate\\Container\\{closure}()
#14 G:\\Wamps\\wamp\\www\\github\\lelaam_ghar\\vendor\\laravel\\framework\\src\\Illuminate\\Container\\BoundMethod.php(31): Illuminate\\Container\\BoundMethod::callBoundMethod(Object(Illuminate\\Foundation\\Application), Array, Object(Closure))
#15 G:\\Wamps\\wamp\\www\\github\\lelaam_ghar\\vendor\\laravel\\framework\\src\\Illuminate\\Container\\Container.php(549): Illuminate\\Container\\BoundMethod::call(Object(Illuminate\\Foundation\\Application), Array, Array, NULL)
#16 G:\\Wamps\\wamp\\www\\github\\lelaam_ghar\\vendor\\laravel\\framework\\src\\Illuminate\\Foundation\\Application.php(792): Illuminate\\Container\\Container->call(Array)
#17 G:\\Wamps\\wamp\\www\\github\\lelaam_ghar\\vendor\\laravel\\framework\\src\\Illuminate\\Foundation\\Application.php(775): Illuminate\\Foundation\\Application->bootProvider(Object(App\\Providers\\AuthServiceProvider))
#18 [internal function]: Illuminate\\Foundation\\Application->Illuminate\\Foundation\\{closure}(Object(App\\Providers\\AuthServiceProvider), 23)
#19 G:\\Wamps\\wamp\\www\\github\\lelaam_ghar\\vendor\\laravel\\framework\\src\\Illuminate\\Foundation\\Application.php(776): array_walk(Array, Object(Closure))
#20 G:\\Wamps\\wamp\\www\\github\\lelaam_ghar\\vendor\\laravel\\framework\\src\\Illuminate\\Foundation\\Bootstrap\\BootProviders.php(17): Illuminate\\Foundation\\Application->boot()
#21 G:\\Wamps\\wamp\\www\\github\\lelaam_ghar\\vendor\\laravel\\framework\\src\\Illuminate\\Foundation\\Application.php(213): Illuminate\\Foundation\\Bootstrap\\BootProviders->bootstrap(Object(Illuminate\\Foundation\\Application))
#22 G:\\Wamps\\wamp\\www\\github\\lelaam_ghar\\vendor\\laravel\\framework\\src\\Illuminate\\Foundation\\Http\\Kernel.php(162): Illuminate\\Foundation\\Application->bootstrapWith(Array)
#23 G:\\Wamps\\wamp\\www\\github\\lelaam_ghar\\vendor\\laravel\\framework\\src\\Illuminate\\Foundation\\Http\\Kernel.php(146): Illuminate\\Foundation\\Http\\Kernel->bootstrap()
#24 G:\\Wamps\\wamp\\www\\github\\lelaam_ghar\\vendor\\laravel\\framework\\src\\Illuminate\\Foundation\\Http\\Kernel.php(116): Illuminate\\Foundation\\Http\\Kernel->sendRequestThroughRouter(Object(Illuminate\\Http\\Request))
#25 G:\\Wamps\\wamp\\www\\github\\lelaam_ghar\\index.php(53): Illuminate\\Foundation\\Http\\Kernel->handle(Object(Illuminate\\Http\\Request))
#26 {main}
"} 
